<?xml version="1.0" encoding="UTF-8"?>
<!-- Generated by org.testng.reporters.JUnitReportReporter -->
<testsuite hostname="DESKTOP-315BBS2" failures="0" tests="1" name="test.TC_001LoginTest" time="10.365" errors="0" timestamp="2025-03-18T10:55:14 IST" skipped="0">
  <testcase classname="test.TC_001LoginTest" name="loginTest" time="10.365"/>
</testsuite> <!-- test.TC_001LoginTest -->
